C51 COMPILER V9.00   BUZZER                                                                06/03/2016 19:01:30 PAGE 1   


C51 COMPILER V9.00, COMPILATION OF MODULE BUZZER
OBJECT MODULE PLACED IN Buzzer.OBJ
COMPILER INVOKED BY: E:\software\DevelopmentSoftware\InstallSrc\KeilC51\C51\BIN\C51.EXE Buzzer.c LARGE BROWSE DEBUG OBJE
                    -CTEXTEND

line level    source

   1          #include "stc15.h"
   2          
   3          //(使用定时器3)
   4          void Buzzer()
   5          {
   6   1              //P55 = !P55;                           //无源蜂鸣器
   7   1              P44 = 0;                                        //有源蜂鸣器
   8   1              P54 = 0;                                        //有源蜂鸣器
   9   1              P55 = 0;                                        //有源蜂鸣器
  10   1      }


MODULE INFORMATION:   STATIC OVERLAYABLE
   CODE SIZE        =      7    ----
   CONSTANT SIZE    =   ----    ----
   XDATA SIZE       =   ----    ----
   PDATA SIZE       =   ----    ----
   DATA SIZE        =   ----    ----
   IDATA SIZE       =   ----    ----
   BIT SIZE         =   ----    ----
END OF MODULE INFORMATION.


C51 COMPILATION COMPLETE.  0 WARNING(S),  0 ERROR(S)
