C51 COMPILER V9.00   CAMERA                                                                05/12/2016 23:54:11 PAGE 1   


C51 COMPILER V9.00, COMPILATION OF MODULE CAMERA
OBJECT MODULE PLACED IN Camera.OBJ
COMPILER INVOKED BY: E:\software\DevelopmentSoftware\InstallSrc\KeilC51\C51\BIN\C51.EXE Camera.c BROWSE DEBUG OBJECTEXTE
                    -ND

line level    source

   1          #include "stc15.h"
*** WARNING C318 IN LINE 1 OF Camera.c: can't open file 'stc15.h'
   2          
   3          //----------------初始化摄像头
   4          void CameraInit()
   5          {
   6   1              //准备定时器1但并不开启,用于延时中断
   7   1              ;
   8   1      }
   9          
  10          //----------------关摄像头
  11          void CloseCamera()
  12          {
  13   1              ;
  14   1      }
  15          
  16          //----------------定时器1中断函数
  17          /*void xxx using interrupt xxx()
  18          {
  19                  CloseCamera();
  20          }*/
  21          
  22          
  23          //----------------开摄像头
  24          void OpenCamera()                         
  25          {
  26   1              //开定时器1,几十ms后触发中断并关闭摄像头
  27   1              ;
  28   1      }
  29          


MODULE INFORMATION:   STATIC OVERLAYABLE
   CODE SIZE        =      3    ----
   CONSTANT SIZE    =   ----    ----
   XDATA SIZE       =   ----    ----
   PDATA SIZE       =   ----    ----
   DATA SIZE        =   ----    ----
   IDATA SIZE       =   ----    ----
   BIT SIZE         =   ----    ----
END OF MODULE INFORMATION.


C51 COMPILATION COMPLETE.  1 WARNING(S),  0 ERROR(S)
