C51 COMPILER V9.00   DELAY                                                                 05/13/2016 19:08:31 PAGE 1   


C51 COMPILER V9.00, COMPILATION OF MODULE DELAY
OBJECT MODULE PLACED IN Delay.OBJ
COMPILER INVOKED BY: E:\software\DevelopmentSoftware\InstallSrc\KeilC51\C51\BIN\C51.EXE Delay.c BROWSE DEBUG OBJECTEXTEN
                    -D

line level    source

   1          #include "stc15.h"
   2          #include "intrins.h"
   3          
   4          void Delay100ms()               //@11.0592MHz
   5          {
   6   1              unsigned char i, j, k;
   7   1      
   8   1              _nop_();
   9   1              _nop_();
  10   1              i = 5;
  11   1              j = 52;
  12   1              k = 195;
  13   1              do
  14   1              {
  15   2                      do
  16   2                      {
  17   3                              while (--k);
  18   3                      } while (--j);
  19   2              } while (--i);
  20   1      }


MODULE INFORMATION:   STATIC OVERLAYABLE
   CODE SIZE        =     15    ----
   CONSTANT SIZE    =   ----    ----
   XDATA SIZE       =   ----    ----
   PDATA SIZE       =   ----    ----
   DATA SIZE        =   ----    ----
   IDATA SIZE       =   ----    ----
   BIT SIZE         =   ----    ----
END OF MODULE INFORMATION.


C51 COMPILATION COMPLETE.  0 WARNING(S),  0 ERROR(S)
