C51 COMPILER V9.00   DHT11                                                                 05/30/2016 16:08:02 PAGE 1   


C51 COMPILER V9.00, COMPILATION OF MODULE DHT11
OBJECT MODULE PLACED IN DHT11.OBJ
COMPILER INVOKED BY: E:\software\DevelopmentSoftware\InstallSrc\KeilC51\C51\BIN\C51.EXE DHT11.c COMPACT BROWSE DEBUG OBJ
                    -ECTEXTEND

line level    source

   1                                                                                                                                                                  //****************************************************************//
   2          //      参考来源   DHT21使用范例 
   3          //公司  雁凌电子    
   4          //****************************************************************//
   5          
   6          #include <stc15.h>
   7          //#include <intrins.h>
   8          #include "Delay.h"
   9          #include "UART.h"
  10          #include "LCD12864.h"
  11          
  12          unsigned char U8FLAG,U8temp;
  13          unsigned char TempearatureH, TempearatureL, HumidityH, HumidityL, CHECK;
  14          unsigned char U8T_data_H_temp,U8T_data_L_temp,U8RH_data_H_temp,U8RH_data_L_temp,U8checkdata_temp;
  15          unsigned char U8comdata;  
  16          
  17          sbit DHTDATA = P3^7;
  18          
  19          //----------------------------------------------//
  20          //----------------IO口定义区--------------------//
  21          //----------------------------------------------//
  22                  
  23          void COM(void)
  24          {
  25   1          unsigned char i;     
  26   1          for(i=0;i<8;i++)       
  27   1              {       
  28   2                  U8FLAG=2;   
  29   2                      while((!DHTDATA)&&U8FLAG++);
  30   2                      Delay10us();
  31   2                      Delay10us();
  32   2                      Delay10us();
  33   2                      U8temp=0;
  34   2                  if(DHTDATA)U8temp=1;
  35   2                          U8FLAG=2;
  36   2                      while((DHTDATA)&&U8FLAG++);
  37   2                      //超时则跳出for循环               
  38   2                      if(U8FLAG==1)break;
  39   2                      //判断数据位是0还是1     
  40   2                         
  41   2                      // 如果高电平高过预定0高电平值则数据位为 1 
  42   2                       
  43   2                      U8comdata<<=1;
  44   2                      U8comdata|=U8temp;        //0
  45   2              }
  46   1      }
  47          
  48          //--------------------------------
  49          //-----湿度读取子程序 ------------
  50          //--------------------------------
  51          //----以下变量均为全局变量--------
  52          //----温度高8位== U8T_data_H------
  53          //----温度低8位== U8T_data_L------
  54          //----湿度高8位== U8RH_data_H-----
C51 COMPILER V9.00   DHT11                                                                 05/30/2016 16:08:02 PAGE 2   

  55          //----湿度低8位== U8RH_data_L-----
  56          //----校验 8位 == U8checkdata-----
  57          //----调用相关子程序如下----------
  58          //---- 18个Delay1ms();, Delay10us();,COM(); 
  59          
  60          // 返回值 unsigned char[5] 数组 {温度高8位,温度低8位,湿度高8位,湿度低8位,校验 8位} 
  61          
  62          
  63          //--------------------------------
  64          
  65          void ReadDHT11(void)
  66          {
  67   1          unsigned char DelayTemp;
  68   1              //主机拉低18ms 
  69   1          DHTDATA=0;
  70   1              for(DelayTemp = 0; DelayTemp < 18; DelayTemp++)
  71   1              {
  72   2                  Delay1ms();
  73   2              }
  74   1              DHTDATA=1;
  75   1              //总线由上拉电阻拉高 主机延时40us
  76   1              Delay10us();
  77   1              Delay10us();
  78   1              Delay10us();
  79   1              Delay10us();
  80   1              //主机设为输入 判断从机响应信号 
  81   1              DHTDATA=1;
  82   1              //判断从机是否有低电平响应信号 如不响应则跳出，响应则向下运行     
  83   1              if(!DHTDATA)             //T !    
  84   1              {
  85   2                      U8FLAG=2;
  86   2                      //判断从机是否发出 80us 的低电平响应信号是否结束         
  87   2                      while((!DHTDATA)&&U8FLAG++);
  88   2                      U8FLAG=2;
  89   2                      //判断从机是否发出 80us 的高电平，如发出则进入数据接收状态
  90   2                      while((DHTDATA)&&U8FLAG++);
  91   2                      //数据接收状态           
  92   2                      COM();
  93   2                      U8RH_data_H_temp=U8comdata;
  94   2                      COM();
  95   2                      U8RH_data_L_temp=U8comdata;
  96   2                      COM();
  97   2                      U8T_data_H_temp=U8comdata;
  98   2                      COM();
  99   2                      U8T_data_L_temp=U8comdata;
 100   2                      COM();
 101   2                      U8checkdata_temp=U8comdata;
 102   2                      DHTDATA=1;
 103   2                      //数据校验 
 104   2               
 105   2                      U8temp=(U8T_data_H_temp+U8T_data_L_temp+U8RH_data_H_temp+U8RH_data_L_temp);
 106   2                      if(U8temp==U8checkdata_temp)
 107   2                      {
 108   3                              TempearatureH=U8RH_data_H_temp;
 109   3                              TempearatureL=U8RH_data_L_temp;
 110   3                              HumidityH=U8T_data_H_temp;
 111   3                              HumidityL=U8T_data_L_temp;
 112   3                              CHECK=U8checkdata_temp;
 113   3                      }
 114   2                      else
 115   2                      {
 116   3                              TempearatureH=0x01;
C51 COMPILER V9.00   DHT11                                                                 05/30/2016 16:08:02 PAGE 3   

 117   3                              TempearatureL=0x01;
 118   3                              HumidityH=0x01;
 119   3                              HumidityL=0x01;
 120   3                              CHECK=0x01;                     
 121   3                      }
 122   2              }
 123   1      }
 124          
 125          /*
 126           显示DHT11的温湿度
 127           */
 128          void DisplayDHT11()
 129          {
 130   1              unsigned char HumidityAndTemperatureData[] = {"湿度00% 温度00度"};
 131   1              //unsigned char TemperatureData[] = {""};
 132   1              
 133   1              ReadDHT11();
 134   1              //SendString(StrHello);
 135   1          
 136   1              //HumidityData[6]=TempearatureH%100/10+48;
 137   1              //HumidityData[7]=TempearatureH%10+48;                                                          
 138   1          //Display_String(2,HumidityData);
 139   1      
 140   1              //SendData(TempearatureL);        //正常为00
 141   1      
 142   1              //TemperatureData[6]=HumidityH%100/10+48;
 143   1              //TemperatureData[7]=HumidityH%10+48;
 144   1              //Display_String(3,TemperatureData);
 145   1      
 146   1              //SendData(HumidityL);            //正常为00
 147   1          //SendData(CHECK);                    //校验位      
 148   1          HumidityAndTemperatureData[4] = TempearatureH%100/10+48;
 149   1              HumidityAndTemperatureData[5] = TempearatureH%10+48;
 150   1          HumidityAndTemperatureData[12] = HumidityH%100/10+48;
 151   1              HumidityAndTemperatureData[13] = HumidityH%10+48;
 152   1              Display_String(2,HumidityAndTemperatureData);
 153   1      }


MODULE INFORMATION:   STATIC OVERLAYABLE
   CODE SIZE        =    363    ----
   CONSTANT SIZE    =     17    ----
   XDATA SIZE       =   ----    ----
   PDATA SIZE       =     13      19
   DATA SIZE        =   ----    ----
   IDATA SIZE       =   ----    ----
   BIT SIZE         =   ----    ----
END OF MODULE INFORMATION.


C51 COMPILATION COMPLETE.  0 WARNING(S),  0 ERROR(S)
