C51 COMPILER V9.00   TEMPERATURE                                                           05/12/2016 23:54:10 PAGE 1   


C51 COMPILER V9.00, COMPILATION OF MODULE TEMPERATURE
OBJECT MODULE PLACED IN Temperature.OBJ
COMPILER INVOKED BY: E:\software\DevelopmentSoftware\InstallSrc\KeilC51\C51\BIN\C51.EXE Temperature.c BROWSE DEBUG OBJEC
                    -TEXTEND

line level    source

   1          #include "stc15.h"
*** WARNING C318 IN LINE 1 OF Temperature.c: can't open file 'stc15.h'
   2          
   3          //--------------读取温度湿度
   4          void ReadTemperature()
   5          {
   6   1              ;
   7   1      }
   8          
   9          //---------------读取空气质量
  10          void ReadAir()
  11          {
  12   1              ;
  13   1      }


MODULE INFORMATION:   STATIC OVERLAYABLE
   CODE SIZE        =      2    ----
   CONSTANT SIZE    =   ----    ----
   XDATA SIZE       =   ----    ----
   PDATA SIZE       =   ----    ----
   DATA SIZE        =   ----    ----
   IDATA SIZE       =   ----    ----
   BIT SIZE         =   ----    ----
END OF MODULE INFORMATION.


C51 COMPILATION COMPLETE.  1 WARNING(S),  0 ERROR(S)
