C51 COMPILER V9.00   WIFI                                                                  05/12/2016 23:57:31 PAGE 1   


C51 COMPILER V9.00, COMPILATION OF MODULE WIFI
OBJECT MODULE PLACED IN Wifi.OBJ
COMPILER INVOKED BY: E:\software\DevelopmentSoftware\InstallSrc\KeilC51\C51\BIN\C51.EXE Wifi.c BROWSE DEBUG OBJECTEXTEND

line level    source

   1          #include "stc15.h"
   2          
   3          //Uart1初始化
   4          void UartInit(void)             //9600bps@11.0592MHz
   5          {
   6   1              SCON = 0x50;            //8位数据,可变波特率
   7   1              AUXR |= 0x40;           //定时器1时钟为Fosc,即1T
   8   1              AUXR &= 0xFE;           //串口1选择定时器1为波特率发生器
   9   1              TMOD &= 0x0F;           //设定定时器1为16位自动重装方式
  10   1              TL1 = 0xE0;             //设定定时初值
  11   1              TH1 = 0xFE;             //设定定时初值
  12   1              ET1 = 0;                //禁止定时器1中断
  13   1              TR1 = 1;                //启动定时器1
  14   1      }
  15          
  16          //--------------发送数据
  17          void WifiSend()
  18          {
  19   1              ;//???发送数据
  20   1      }


MODULE INFORMATION:   STATIC OVERLAYABLE
   CODE SIZE        =     24    ----
   CONSTANT SIZE    =   ----    ----
   XDATA SIZE       =   ----    ----
   PDATA SIZE       =   ----    ----
   DATA SIZE        =   ----    ----
   IDATA SIZE       =   ----    ----
   BIT SIZE         =   ----    ----
END OF MODULE INFORMATION.


C51 COMPILATION COMPLETE.  0 WARNING(S),  0 ERROR(S)
