C51 COMPILER V9.00   DELAY                                                                 05/28/2016 20:38:38 PAGE 1   


C51 COMPILER V9.00, COMPILATION OF MODULE DELAY
OBJECT MODULE PLACED IN delay.OBJ
COMPILER INVOKED BY: E:\software\DevelopmentSoftware\InstallSrc\KeilC51\C51\BIN\C51.EXE delay.c BROWSE DEBUG OBJECTEXTEN
                    -D

line level    source

   1          
   2          #include "delay.h"
   3          
   4          void delay_us(unsigned int i)
   5           {     
*** WARNING C235 IN LINE 5 OF DELAY.C: parameter 1: different types
   6   1          while( i--)
   7   1             {        
   8   2              
   9   2              }
  10   1       }                
  11          
  12          //    ∫¡√Îº∂—” ±∫Ø ˝     
  13          void delay_ms(unsigned int time)
  14                   {
*** WARNING C235 IN LINE 14 OF DELAY.C: parameter 1: different types
  15   1                while(time--)
  16   1                        {     
  17   2                         delay_us(1000);
  18   2                        }
  19   1               }
  20          
  21           __asm void wait()
*** ERROR C141 IN LINE 21 OF DELAY.C: syntax error near '__asm'
  22          {
  23   1              nop
  24   1              nop
*** ERROR C202 IN LINE 24 OF DELAY.C: 'nop': undefined identifier
*** ERROR C141 IN LINE 24 OF DELAY.C: syntax error near 'nop'
  25   1              nop
  26   1              nop
  27   1              nop
  28   1          BX lr
  29   1      }
  30          void delay()
  31          {
  32   1              wait(); 
  33   1      }

C51 COMPILATION COMPLETE.  2 WARNING(S),  3 ERROR(S)
