C51 COMPILER V9.00   MAIN                                                                  05/29/2016 10:58:57 PAGE 1   


C51 COMPILER V9.00, COMPILATION OF MODULE MAIN
OBJECT MODULE PLACED IN main.OBJ
COMPILER INVOKED BY: E:\software\DevelopmentSoftware\InstallSrc\KeilC51\C51\BIN\C51.EXE main.c LARGE BROWSE DEBUG OBJECT
                    -EXTEND

line level    source

   1          #include "uart_debug.h"
   2          #include "stc15.h"
   3          #include "fifo.h"
   4          #include "Sensor.h"
   5          #include "intrins.h"
   6          /****************《51单片机轻松入门-基于STC15W4K系列》配套例程 *************
   7           ★★★★★★★★★★★★★★★★★★★★★★★★
   8           《51单片机轻松入门-基于STC15W4K系列》 一书已经由北航出版社正式出版发行。
   9            作者亲手创作的与教材配套的51双核实验板(2个MCU)对程序下载、调试、仿真方便，不需要外部
  10            仿真器与编程器，这种设计方式彻底解决了系统中多个最高优先级谁也不能让谁的中断竞争问题。
  11            淘宝店地址：https://shop117387413.taobao.com
  12            QQ群：STC51-STM32(3) ：515624099 或 STC51-STM32(2)：99794374。
  13                  验证信息：STC15单片机
  14            邮箱：xgliyouquan@126.com
  15            ★★★★★★★★★★★★★★★★★★★★★★★★*/
  16          
  17          unsigned char cur_status=0;
  18          
  19          unsigned char buf[192];
  20          
  21          unsigned char ISBUSY;
  22          
  23          void int0(void) interrupt 0
  24          {
  25   1       if(ISBUSY)
  26   1       {
  27   2              ;
  28   2       }
  29   1       else
  30   1       {
  31   2       EX0=0; //关闭中断
  32   2      
  33   2       if(cur_status==0) //如果此时状态为0，则说明是一个图像的开始，开始向FIFO罐入数据
  34   2       {
  35   3        FIFO_WEN=1;
  36   3        cur_status=1; //标记为1
  37   3              
  38   3        
  39   3       }
  40   2       else 
  41   2        if(cur_status==1)     //说明此处为图像的结束，亦即下一图像的开始
  42   2        {
  43   3         FIFO_WEN=0;
  44   3         cur_status=2;
  45   3        }
  46   2        P26 = !P26;
  47   2        EX0=1;        //打开中断
  48   2        }
  49   1      }
  50          
  51          void port_mode()            // 端口模式
  52          {
  53   1              P0M1=0x00; P0M0=0x00;P1M1=0x00; P1M0=0x00;P2M1=0x00; P2M0=0x00;P3M1=0x00; P3M0=0x00;
  54   1              P4M1=0x00; P4M0=0x00;
C51 COMPILER V9.00   MAIN                                                                  05/29/2016 10:58:57 PAGE 2   

  55   1              //P5M1=0x00; P5M0=0x00;P6M1=0x00; P6M0=0x00;P7M1=0x00; P7M0=0x00; 
  56   1      }
  57          
  58          void Delay1000ms()              //@22.1184MHz
  59          {
  60   1              unsigned char i, j, k;
  61   1      
  62   1              _nop_();
  63   1              _nop_();
  64   1              i = 85;
  65   1              j = 12;
  66   1              k = 155;
  67   1              do
  68   1              {
  69   2                      do
  70   2                      {
  71   3                              while (--k);
  72   3                      } while (--j);
  73   2              } while (--i);
  74   1      }
  75          
  76          void main()
  77          {
  78   1              //unsigned char a=0x55;
  79   1              //unsigned int b=0xAB98;
  80   1              //unsigned long c=1234567890; 
  81   1              //unsigned char Buf[]="欢迎使用STC15单片机!\n"; //字符串在内存结尾必然有一个附加字符：\0
  82   1              unsigned char value=100;
  83   1              unsigned char idata i=0;
  84   1              unsigned char idata temp=11;
  85   1              ISBUSY = 0;
  86   1              port_mode();                             
  87   1              UART_init();                                             //     波特率：9600 /22.1184MHZ
  88   1              UART_Send_Str("串口设置完毕：123ABC\n");         // 发送字符串
  89   1       
  90   1              FIFO_OE=0;
  91   1      
  92   1              P1M1=0x40;      //P16高阻输入
  93   1              P1M0=0xa8; //如果使用51单片机来调试SD卡模块，打开推挽，增强IO驱动能力
  94   1      
  95   1              IT0=1; //下降沿触发
  96   1              EX0=1;  //打开外部中断0
  97   1              EA=1;   //打开总中断
  98   1      
  99   1              //cur_status = 2;
 100   1              //temp = Sensor_init();
 101   1              while(temp = !Sensor_init());  
 102   1      
 103   1          UART_Put_Inf("FUCKYOU:",temp);
 104   1      
 105   1              UART_Send_Str("哟呵\n");
 106   1              //SendString("摄像头芯片初始化完成.");//UART_Send_Enter(); 
 107   1                                                               // 发送数值
 108   1      //      UART_Send_StrNum("数值=:",c);             // 发送字符串+数值
 109   1              //UART_Send_Hex(b) ;                      // 发送16进制
 110   1              //UART_Send_binary(a);                  // 发送2进制
 111   1              for(i=0;i<10;i++)
 112   1              {       
 113   2                      Delay1000ms();
 114   2                      Delay1000ms();
 115   2                      Delay1000ms();
 116   2                      Delay1000ms();
C51 COMPILER V9.00   MAIN                                                                  05/29/2016 10:58:57 PAGE 3   

 117   2                      Delay1000ms();          
 118   2              }
 119   1              
 120   1              
 121   1              while(1)
 122   1              {
 123   2                      if(cur_status==2) //越级FIFO中已经罐入一个完整的图像
 124   2                      {
 125   3                          EX0=0;
 126   3                              ISBUSY = 1;
 127   3                              cur_status=0;
 128   3      
 129   3                              //UART_Send_Str("图像已获取.");//UART_Send_Enter();
 130   3      
 131   3                              FIFO_Reset_Read_Addr(); //把FIFO的读指针指向0地址
 132   3      
 133   3                              //UART_Send_Str("开始将图像写入文件.");//UART_Send_Enter();
 134   3      
 135   3                              for(i=0;i<200;i++)
 136   3                              {
 137   4                              FIFO_Read_Words(96,buf); //从FIFO读取数据
 138   4                                      UART_Send_Str(buf);
 139   4          //znFAT_WriteData(&fileinfo,192,buf); //将数据写入文件
 140   4                              FIFO_Read_Words(96,buf); //从FIFO读取数据
 141   4                                      UART_Send_Str(buf);
 142   4          //znFAT_WriteData(&fileinfo,192,buf); //将数据写入文件
 143   4                              FIFO_Read_Words(96,buf); //从FIFO读取数据
 144   4                                      UART_Send_Str(buf);
 145   4          //znFAT_WriteData(&fileinfo,192,buf); //将数据写入文件
 146   4                              FIFO_Read_Words(96,buf); //从FIFO读取数据
 147   4                                      UART_Send_Str(buf);
 148   4          //znFAT_WriteData(&fileinfo,192,buf); //将数据写入文件
 149   4                              }
 150   3      
 151   3                              for(i=0;i<10;i++)
 152   3                              {       
 153   4                                      Delay1000ms();
 154   4                                      Delay1000ms();
 155   4                                      Delay1000ms();
 156   4                                      Delay1000ms();
 157   4                                      Delay1000ms();          
 158   4                              }
 159   3      
 160   3      
 161   3                              //UART_Send_Str("图像写入完成.");//UART_Send_Enter();
 162   3      
 163   3         //znFAT_Close_File(&fileinfo);
 164   3      
 165   3         //znFAT_Flush_FS();
 166   3                              ISBUSY = 0;
 167   3                              EX0=1;
 168   3                      }
 169   2              }
 170   1      }


MODULE INFORMATION:   STATIC OVERLAYABLE
   CODE SIZE        =    364    ----
   CONSTANT SIZE    =     37    ----
   XDATA SIZE       =    194       1
   PDATA SIZE       =   ----    ----
   DATA SIZE        =   ----    ----
C51 COMPILER V9.00   MAIN                                                                  05/29/2016 10:58:57 PAGE 4   

   IDATA SIZE       =   ----       2
   BIT SIZE         =   ----    ----
END OF MODULE INFORMATION.


C51 COMPILATION COMPLETE.  0 WARNING(S),  0 ERROR(S)
